HEAD is now at c1283af... Mark as release
Previous HEAD position was c1283af... Mark as release
HEAD is now at c6fa1b4... Mark as release
Previous HEAD position was c6fa1b4... Mark as release
HEAD is now at a7aa383... Mark as release
Checking out files: 100% (20387/20387), done.
Previous HEAD position was a7aa383... Mark as release
HEAD is now at 1a97fa0... Mark as release
Previous HEAD position was 1a97fa0... Mark as release
HEAD is now at 6bbf0de... Mark as release
Previous HEAD position was 6bbf0de... Mark as release
HEAD is now at 9bcca88... Mark as release
Previous HEAD position was 9bcca88... Mark as release
HEAD is now at caa62b4... Mark as release
Previous HEAD position was caa62b4... Mark as release
HEAD is now at e9c762e... Mark as release
Previous HEAD position was e9c762e... Mark as release
HEAD is now at f22940c... Mark as release
Previous HEAD position was f22940c... Mark as release
HEAD is now at c9b304a... Mark as release
Previous HEAD position was c9b304a... Mark as release
HEAD is now at 0e3097e... Mark as release
Previous HEAD position was 0e3097e... Mark as release
HEAD is now at 93c5ebd... Mark as release
Previous HEAD position was 93c5ebd... Mark as release
HEAD is now at 632cb4d... Mark as release
Previous HEAD position was 632cb4d... Mark as release
HEAD is now at 3183976... Mark as release
Previous HEAD position was 3183976... Mark as release
HEAD is now at e07bbb1... Mark as release
Previous HEAD position was e07bbb1... Mark as release
HEAD is now at 31b6f3a... Mark as release
Previous HEAD position was 31b6f3a... Mark as release
HEAD is now at cc52afb... Mark as release
Previous HEAD position was cc52afb... Mark as release
HEAD is now at 0c2ca17... Mark as release
Previous HEAD position was 0c2ca17... Mark as release
HEAD is now at db65a9d... Mark as release
Previous HEAD position was db65a9d... Mark as release
HEAD is now at 3598ee5... Mark as release
Previous HEAD position was 3598ee5... Mark as release
HEAD is now at 1f8be1d... Mark as release
Previous HEAD position was 1f8be1d... Mark as release
HEAD is now at 72d56eb... Mark as release
Previous HEAD position was 72d56eb... Mark as release
HEAD is now at ed635cb... Mark as release
Previous HEAD position was ed635cb... Mark as release
HEAD is now at a56ce79... Mark as release
Previous HEAD position was a56ce79... Mark as release
HEAD is now at 88eebba... Mark as release
Previous HEAD position was 88eebba... Mark as release
HEAD is now at fdaa572... Mark as release
Previous HEAD position was fdaa572... Mark as release
HEAD is now at 51a24d9... Mark as release
Previous HEAD position was 51a24d9... Mark as release
HEAD is now at 36b1f6c... Mark as release
Previous HEAD position was 36b1f6c... Mark as release
HEAD is now at d380ec4... Mark as release
Previous HEAD position was d380ec4... Mark as release
HEAD is now at 2728d6e... Mark as release
Previous HEAD position was 2728d6e... Mark as release
HEAD is now at 68b6c51... Mark as release
Previous HEAD position was 68b6c51... Mark as release
HEAD is now at 16d5e33... Mark as release
Previous HEAD position was 16d5e33... Mark as release
HEAD is now at cbbc992... Mark as release
Previous HEAD position was cbbc992... Mark as release
HEAD is now at 7c2c8f3... Mark as release
Previous HEAD position was 7c2c8f3... Mark as release
HEAD is now at d68c004... Mark as release
Previous HEAD position was d68c004... Mark as release
HEAD is now at 1394445... Mark as release
Previous HEAD position was 1394445... Mark as release
HEAD is now at 16c0ea3... Mark as release
Previous HEAD position was 16c0ea3... Mark as release
HEAD is now at 274499b... Mark as release
Previous HEAD position was 274499b... Mark as release
HEAD is now at e5e549f... Mark as release
Previous HEAD position was e5e549f... Mark as release
HEAD is now at 541a9a5... Mark as release
Previous HEAD position was 541a9a5... Mark as release
HEAD is now at 13cfe4c... Mark as release
Previous HEAD position was 13cfe4c... Mark as release
HEAD is now at 1818756... Mark as release
Previous HEAD position was 1818756... Mark as release
HEAD is now at fd3c8e1... Mark as release
Previous HEAD position was fd3c8e1... Mark as release
HEAD is now at a393db9... Mark as release
Previous HEAD position was a393db9... Mark as release
HEAD is now at abe98e3... Mark as release
Previous HEAD position was abe98e3... Mark as release
HEAD is now at e3a4cd3... Update version
Previous HEAD position was e3a4cd3... Update version
HEAD is now at 89ef6ca... Update version
Previous HEAD position was 89ef6ca... Update version
HEAD is now at fc990f8... Mark ChangeLog
Previous HEAD position was fc990f8... Mark ChangeLog
HEAD is now at dc4eedf... Update version
Previous HEAD position was dc4eedf... Update version
HEAD is now at 81a2897... Update version
Previous HEAD position was 81a2897... Update version
HEAD is now at 359e576... Update version
Previous HEAD position was 359e576... Update version
HEAD is now at 31f752f... Update version
Previous HEAD position was 31f752f... Update version
HEAD is now at 8e09540... Update version
Previous HEAD position was 8e09540... Update version
HEAD is now at 5625cbd... Update version
Previous HEAD position was 5625cbd... Update version
HEAD is now at 7db743b... Update version
Previous HEAD position was 7db743b... Update version
HEAD is now at a1d11c1... Update version
Previous HEAD position was a1d11c1... Update version
HEAD is now at 3b3ea06... Update version
Previous HEAD position was 3b3ea06... Update version
HEAD is now at fbd6714... Update version
Previous HEAD position was fbd6714... Update version
HEAD is now at 46f1268... Update version
Previous HEAD position was 46f1268... Update version
HEAD is now at 79d8c6c... Update version
Previous HEAD position was 79d8c6c... Update version
HEAD is now at d79068c... Update version
Previous HEAD position was d79068c... Update version
HEAD is now at bfac687... Update version
Previous HEAD position was bfac687... Update version
HEAD is now at 0641e79... Mark ChangeLog
Previous HEAD position was 0641e79... Mark ChangeLog
HEAD is now at 0fc80fd... Update version
Previous HEAD position was 0fc80fd... Update version
HEAD is now at 941e965... Update version
Previous HEAD position was 941e965... Update version
HEAD is now at 6eea904... Mark ChangeLog
Previous HEAD position was 6eea904... Mark ChangeLog
HEAD is now at 13d9762... Update version
Previous HEAD position was 13d9762... Update version
HEAD is now at 5234a59... Update version
Previous HEAD position was 5234a59... Update version
HEAD is now at 3107f90... Update version
Previous HEAD position was 3107f90... Update version
HEAD is now at ce61929... Update version
Previous HEAD position was ce61929... Update version
HEAD is now at b42f049... Bump version
Previous HEAD position was b42f049... Bump version
HEAD is now at 857fe5b... Update ChangeLogs and version numbers for 2.95.3 release
Previous HEAD position was 857fe5b... Update ChangeLogs and version numbers for 2.95.3 release
HEAD is now at 42f6cb8... Stamp ChangeLogs for release
Previous HEAD position was 42f6cb8... Stamp ChangeLogs for release
HEAD is now at a02b089... Stamp ChangeLogs for release
Previous HEAD position was a02b089... Stamp ChangeLogs for release
HEAD is now at 7792677...         * verison.c: No longer a prerelease.
Previous HEAD position was 7792677...         * verison.c: No longer a prerelease.
HEAD is now at f8a17e3... Import gcc-2.8.1.tar.bz2
Previous HEAD position was f8a17e3... Import gcc-2.8.1.tar.bz2
HEAD is now at 16aedcb... Import of real gcc-2.8.0 sources.
Previous HEAD position was 16aedcb... Import of real gcc-2.8.0 sources.
HEAD is now at c7947a1...         * egcs-1.1 Released.
Previous HEAD position was c7947a1...         * egcs-1.1 Released.
HEAD is now at 801406e... Stamp ChangeLogs for release
Previous HEAD position was 801406e... Stamp ChangeLogs for release
HEAD is now at e20511a... Bump version #s for egcs-1.1.1 release.
Previous HEAD position was e20511a... Bump version #s for egcs-1.1.1 release.
HEAD is now at 4b4df16...         * egcs-1.0 release.
Previous HEAD position was 4b4df16...         * egcs-1.0 release.
HEAD is now at 0d35959... Update for egcs-1.0.3 release.
Previous HEAD position was 0d35959... Update for egcs-1.0.3 release.
HEAD is now at 4f3057f... Opps.  FOrgot to update the date.
Previous HEAD position was 4f3057f... Opps.  FOrgot to update the date.
HEAD is now at ded0ac3... Various egcs-1.0.1 related changes.
Previous HEAD position was ded0ac3... Various egcs-1.0.1 related changes.
HEAD is now at 6bb2994... lots of argument passing work finished and we can compile python now
Previous HEAD position was 9bcca88... Mark as release
HEAD is now at a7aa383... Mark as release
